<?xml version="1.0" encoding="UTF-8"?>
<!-- Generated by org.testng.reporters.JUnitReportReporter -->
<testsuite hostname="sony-PC" name="college.CollegeWeb" tests="1" failures="0" timestamp="9 Feb 2019 15:13:12 GMT" time="77.574" errors="0">
  <testcase name="testWebsite" time="77.574" classname="college.CollegeWeb"/>
</testsuite> <!-- college.CollegeWeb -->
